<?xml version="1.0" encoding="UTF-8" ?>
<testsuite tests="44" failures="0" name="edu.stanford.nlp.trees.tregex.TregexTest" time="0.486" errors="0" skipped="0">
  <properties>
    <property name="java.runtime.name" value="Java(TM) SE Runtime Environment"/>
    <property name="sun.boot.library.path" value="/usr/lib/jvm/java-8-oracle/jre/lib/amd64"/>
    <property name="java.vm.version" value="25.111-b14"/>
    <property name="java.vm.vendor" value="Oracle Corporation"/>
    <property name="maven.multiModuleProjectDirectory" value="/home/erin/scripts/java/CoreNLP"/>
    <property name="java.vendor.url" value="http://java.oracle.com/"/>
    <property name="path.separator" value=":"/>
    <property name="guice.disable.misplaced.annotation.check" value="true"/>
    <property name="java.vm.name" value="Java HotSpot(TM) 64-Bit Server VM"/>
    <property name="file.encoding.pkg" value="sun.io"/>
    <property name="user.country" value="US"/>
    <property name="sun.java.launcher" value="SUN_STANDARD"/>
    <property name="sun.os.patch.level" value="unknown"/>
    <property name="java.vm.specification.name" value="Java Virtual Machine Specification"/>
    <property name="user.dir" value="/home/erin/scripts/java/CoreNLP"/>
    <property name="java.runtime.version" value="1.8.0_111-b14"/>
    <property name="java.awt.graphicsenv" value="sun.awt.X11GraphicsEnvironment"/>
    <property name="java.endorsed.dirs" value="/usr/lib/jvm/java-8-oracle/jre/lib/endorsed"/>
    <property name="os.arch" value="amd64"/>
    <property name="java.io.tmpdir" value="/tmp"/>
    <property name="line.separator" value="
"/>
    <property name="java.vm.specification.vendor" value="Oracle Corporation"/>
    <property name="os.name" value="Linux"/>
    <property name="classworlds.conf" value="/opt/apache-maven-3.3.9/bin/m2.conf"/>
    <property name="sun.jnu.encoding" value="UTF-8"/>
    <property name="java.library.path" value="/usr/java/packages/lib/amd64:/usr/lib64:/lib64:/lib:/usr/lib"/>
    <property name="java.specification.name" value="Java Platform API Specification"/>
    <property name="java.class.version" value="52.0"/>
    <property name="sun.management.compiler" value="HotSpot 64-Bit Tiered Compilers"/>
    <property name="os.version" value="3.13.0-37-generic"/>
    <property name="user.home" value="/home/erin"/>
    <property name="user.timezone" value="America/Chicago"/>
    <property name="java.awt.printerjob" value="sun.print.PSPrinterJob"/>
    <property name="file.encoding" value="UTF-8"/>
    <property name="java.specification.version" value="1.8"/>
    <property name="user.name" value="erin"/>
    <property name="java.class.path" value="/opt/apache-maven-3.3.9/boot/plexus-classworlds-2.5.2.jar"/>
    <property name="java.vm.specification.version" value="1.8"/>
    <property name="sun.arch.data.model" value="64"/>
    <property name="java.home" value="/usr/lib/jvm/java-8-oracle/jre"/>
    <property name="sun.java.command" value="org.codehaus.plexus.classworlds.launcher.Launcher clean package"/>
    <property name="java.specification.vendor" value="Oracle Corporation"/>
    <property name="user.language" value="en"/>
    <property name="awt.toolkit" value="sun.awt.X11.XToolkit"/>
    <property name="java.vm.info" value="mixed mode"/>
    <property name="java.version" value="1.8.0_111"/>
    <property name="java.ext.dirs" value="/usr/lib/jvm/java-8-oracle/jre/lib/ext:/usr/java/packages/lib/ext"/>
    <property name="securerandom.source" value="file:/dev/./urandom"/>
    <property name="sun.boot.class.path" value="/usr/lib/jvm/java-8-oracle/jre/lib/resources.jar:/usr/lib/jvm/java-8-oracle/jre/lib/rt.jar:/usr/lib/jvm/java-8-oracle/jre/lib/sunrsasign.jar:/usr/lib/jvm/java-8-oracle/jre/lib/jsse.jar:/usr/lib/jvm/java-8-oracle/jre/lib/jce.jar:/usr/lib/jvm/java-8-oracle/jre/lib/charsets.jar:/usr/lib/jvm/java-8-oracle/jre/lib/jfr.jar:/usr/lib/jvm/java-8-oracle/jre/classes"/>
    <property name="java.vendor" value="Oracle Corporation"/>
    <property name="maven.home" value="/opt/apache-maven-3.3.9"/>
    <property name="file.separator" value="/"/>
    <property name="java.vendor.url.bug" value="http://bugreport.sun.com/bugreport/"/>
    <property name="sun.cpu.endian" value="little"/>
    <property name="sun.io.unicode.encoding" value="UnicodeLittle"/>
    <property name="sun.cpu.isalist" value=""/>
  </properties>
  <testcase classname="edu.stanford.nlp.trees.tregex.TregexTest" name="testOneResult" time="0.003"/>
  <testcase classname="edu.stanford.nlp.trees.tregex.TregexTest" name="testNoResults" time="0.001"/>
  <testcase classname="edu.stanford.nlp.trees.tregex.TregexTest" name="testTwoChildren" time="0.025"/>
  <testcase classname="edu.stanford.nlp.trees.tregex.TregexTest" name="testImmediateSister" time="0.006"/>
  <testcase classname="edu.stanford.nlp.trees.tregex.TregexTest" name="testNamed" time="0.002"/>
  <testcase classname="edu.stanford.nlp.trees.tregex.TregexTest" name="testReuse" time="0.004"/>
  <testcase classname="edu.stanford.nlp.trees.tregex.TregexTest" name="testDominateDescribedChain" time="0.007"/>
  <testcase classname="edu.stanford.nlp.trees.tregex.TregexTest" name="testLink" time="0.003"/>
  <testcase classname="edu.stanford.nlp.trees.tregex.TregexTest" name="testTest" time="0.001"/>
  <testcase classname="edu.stanford.nlp.trees.tregex.TregexTest" name="testDocExamples" time="0.006"/>
  <testcase classname="edu.stanford.nlp.trees.tregex.TregexTest" name="testPrecedingFollowingSister" time="0.008"/>
  <testcase classname="edu.stanford.nlp.trees.tregex.TregexTest" name="testPrecedesDescribedChain" time="0.009"/>
  <testcase classname="edu.stanford.nlp.trees.tregex.TregexTest" name="testDisjunctionVariableAssignments" time="0.001"/>
  <testcase classname="edu.stanford.nlp.trees.tregex.TregexTest" name="testParenthesizedExpressions" time="0.008"/>
  <testcase classname="edu.stanford.nlp.trees.tregex.TregexTest" name="testComplex2" time="0.017"/>
  <testcase classname="edu.stanford.nlp.trees.tregex.TregexTest" name="testOnlyMatchRoot" time="0.001"/>
  <testcase classname="edu.stanford.nlp.trees.tregex.TregexTest" name="testSubtreePattern" time="0.03"/>
  <testcase classname="edu.stanford.nlp.trees.tregex.TregexTest" name="testChinese" time="0.002"/>
  <testcase classname="edu.stanford.nlp.trees.tregex.TregexTest" name="testRootDisjunction" time="0.012"/>
  <testcase classname="edu.stanford.nlp.trees.tregex.TregexTest" name="testComplex" time="0.027"/>
  <testcase classname="edu.stanford.nlp.trees.tregex.TregexTest" name="testTwoResults" time="0.001"/>
  <testcase classname="edu.stanford.nlp.trees.tregex.TregexTest" name="testLeftRightMostDescendant" time="0.017"/>
  <testcase classname="edu.stanford.nlp.trees.tregex.TregexTest" name="testOptional" time="0.011"/>
  <testcase classname="edu.stanford.nlp.trees.tregex.TregexTest" name="testMonthDayYear" time="0.087"/>
  <testcase classname="edu.stanford.nlp.trees.tregex.TregexTest" name="testMoeCurlyLarry" time="0.007"/>
  <testcase classname="edu.stanford.nlp.trees.tregex.TregexTest" name="testWordDisjunction" time="0.004"/>
  <testcase classname="edu.stanford.nlp.trees.tregex.TregexTest" name="testSegmentedAndEqualsExpressions" time="0.01"/>
  <testcase classname="edu.stanford.nlp.trees.tregex.TregexTest" name="testVariableGroups" time="0.004"/>
  <testcase classname="edu.stanford.nlp.trees.tregex.TregexTest" name="testOnlyChild" time="0.006"/>
  <testcase classname="edu.stanford.nlp.trees.tregex.TregexTest" name="testJoÃ£oSilva" time="0.002"/>
  <testcase classname="edu.stanford.nlp.trees.tregex.TregexTest" name="testHeadOfPhrase" time="0.009"/>
  <testcase classname="edu.stanford.nlp.trees.tregex.TregexTest" name="testRepeatedVariables" time="0.012"/>
  <testcase classname="edu.stanford.nlp.trees.tregex.TregexTest" name="testImmediatePrecedesFollows" time="0.015"/>
  <testcase classname="edu.stanford.nlp.trees.tregex.TregexTest" name="testImmediatelyDominates" time="0.003"/>
  <testcase classname="edu.stanford.nlp.trees.tregex.TregexTest" name="testDominates" time="0.004"/>
  <testcase classname="edu.stanford.nlp.trees.tregex.TregexTest" name="testParentEquals" time="0.002"/>
  <testcase classname="edu.stanford.nlp.trees.tregex.TregexTest" name="testCategoryDisjunction" time="0.004"/>
  <testcase classname="edu.stanford.nlp.trees.tregex.TregexTest" name="testSister" time="0.008"/>
  <testcase classname="edu.stanford.nlp.trees.tregex.TregexTest" name="testIthChild" time="0.035"/>
  <testcase classname="edu.stanford.nlp.trees.tregex.TregexTest" name="testFirstLastChild" time="0.018"/>
  <testcase classname="edu.stanford.nlp.trees.tregex.TregexTest" name="testCategoryFunctions" time="0.008"/>
  <testcase classname="edu.stanford.nlp.trees.tregex.TregexTest" name="testDominateUnaryChain" time="0.013"/>
  <testcase classname="edu.stanford.nlp.trees.tregex.TregexTest" name="testPrecedesFollows" time="0.028"/>
  <testcase classname="edu.stanford.nlp.trees.tregex.TregexTest" name="testNonsense" time="0.005"/>
</testsuite>