<?xml version="1.0" encoding="UTF-8" ?>
<testsuite tests="39" failures="0" name="edu.stanford.nlp.pipeline.QuoteAnnotatorTest" time="0.28" errors="0" skipped="0">
  <properties>
    <property name="java.runtime.name" value="Java(TM) SE Runtime Environment"/>
    <property name="sun.boot.library.path" value="/usr/lib/jvm/java-8-oracle/jre/lib/amd64"/>
    <property name="java.vm.version" value="25.111-b14"/>
    <property name="java.vm.vendor" value="Oracle Corporation"/>
    <property name="maven.multiModuleProjectDirectory" value="/home/erin/scripts/java/CoreNLP"/>
    <property name="java.vendor.url" value="http://java.oracle.com/"/>
    <property name="path.separator" value=":"/>
    <property name="guice.disable.misplaced.annotation.check" value="true"/>
    <property name="java.vm.name" value="Java HotSpot(TM) 64-Bit Server VM"/>
    <property name="file.encoding.pkg" value="sun.io"/>
    <property name="user.country" value="US"/>
    <property name="sun.java.launcher" value="SUN_STANDARD"/>
    <property name="sun.os.patch.level" value="unknown"/>
    <property name="java.vm.specification.name" value="Java Virtual Machine Specification"/>
    <property name="user.dir" value="/home/erin/scripts/java/CoreNLP"/>
    <property name="java.runtime.version" value="1.8.0_111-b14"/>
    <property name="java.awt.graphicsenv" value="sun.awt.X11GraphicsEnvironment"/>
    <property name="java.endorsed.dirs" value="/usr/lib/jvm/java-8-oracle/jre/lib/endorsed"/>
    <property name="os.arch" value="amd64"/>
    <property name="java.io.tmpdir" value="/tmp"/>
    <property name="line.separator" value="
"/>
    <property name="java.vm.specification.vendor" value="Oracle Corporation"/>
    <property name="os.name" value="Linux"/>
    <property name="classworlds.conf" value="/opt/apache-maven-3.3.9/bin/m2.conf"/>
    <property name="sun.jnu.encoding" value="UTF-8"/>
    <property name="java.library.path" value="/usr/java/packages/lib/amd64:/usr/lib64:/lib64:/lib:/usr/lib"/>
    <property name="java.specification.name" value="Java Platform API Specification"/>
    <property name="java.class.version" value="52.0"/>
    <property name="sun.management.compiler" value="HotSpot 64-Bit Tiered Compilers"/>
    <property name="os.version" value="3.13.0-37-generic"/>
    <property name="user.home" value="/home/erin"/>
    <property name="user.timezone" value="America/Chicago"/>
    <property name="java.awt.printerjob" value="sun.print.PSPrinterJob"/>
    <property name="file.encoding" value="UTF-8"/>
    <property name="java.specification.version" value="1.8"/>
    <property name="user.name" value="erin"/>
    <property name="java.class.path" value="/opt/apache-maven-3.3.9/boot/plexus-classworlds-2.5.2.jar"/>
    <property name="java.vm.specification.version" value="1.8"/>
    <property name="sun.arch.data.model" value="64"/>
    <property name="java.home" value="/usr/lib/jvm/java-8-oracle/jre"/>
    <property name="sun.java.command" value="org.codehaus.plexus.classworlds.launcher.Launcher clean package"/>
    <property name="java.specification.vendor" value="Oracle Corporation"/>
    <property name="user.language" value="en"/>
    <property name="awt.toolkit" value="sun.awt.X11.XToolkit"/>
    <property name="java.vm.info" value="mixed mode"/>
    <property name="java.version" value="1.8.0_111"/>
    <property name="java.ext.dirs" value="/usr/lib/jvm/java-8-oracle/jre/lib/ext:/usr/java/packages/lib/ext"/>
    <property name="securerandom.source" value="file:/dev/./urandom"/>
    <property name="sun.boot.class.path" value="/usr/lib/jvm/java-8-oracle/jre/lib/resources.jar:/usr/lib/jvm/java-8-oracle/jre/lib/rt.jar:/usr/lib/jvm/java-8-oracle/jre/lib/sunrsasign.jar:/usr/lib/jvm/java-8-oracle/jre/lib/jsse.jar:/usr/lib/jvm/java-8-oracle/jre/lib/jce.jar:/usr/lib/jvm/java-8-oracle/jre/lib/charsets.jar:/usr/lib/jvm/java-8-oracle/jre/lib/jfr.jar:/usr/lib/jvm/java-8-oracle/jre/classes"/>
    <property name="java.vendor" value="Oracle Corporation"/>
    <property name="maven.home" value="/opt/apache-maven-3.3.9"/>
    <property name="file.separator" value="/"/>
    <property name="java.vendor.url.bug" value="http://bugreport.sun.com/bugreport/"/>
    <property name="sun.cpu.endian" value="little"/>
    <property name="sun.io.unicode.encoding" value="UnicodeLittle"/>
    <property name="sun.cpu.isalist" value=""/>
  </properties>
  <testcase classname="edu.stanford.nlp.pipeline.QuoteAnnotatorTest" name="testBasicSingleQuotes" time="0.085"/>
  <testcase classname="edu.stanford.nlp.pipeline.QuoteAnnotatorTest" name="testEmbeddedMixedComplicated" time="0.017"/>
  <testcase classname="edu.stanford.nlp.pipeline.QuoteAnnotatorTest" name="testMultiLineQuoteDouble" time="0.006"/>
  <testcase classname="edu.stanford.nlp.pipeline.QuoteAnnotatorTest" name="testEmbeddedQuotes" time="0.01"/>
  <testcase classname="edu.stanford.nlp.pipeline.QuoteAnnotatorTest" name="testTripleEmbeddedLatexQuotes" time="0.003"/>
  <testcase classname="edu.stanford.nlp.pipeline.QuoteAnnotatorTest" name="testMultiLineQuoteSingle" time="0.004"/>
  <testcase classname="edu.stanford.nlp.pipeline.QuoteAnnotatorTest" name="testTis" time="0.017"/>
  <testcase classname="edu.stanford.nlp.pipeline.QuoteAnnotatorTest" name="testUnicodeQuotesWithBadUnicodeQuotes" time="0.002"/>
  <testcase classname="edu.stanford.nlp.pipeline.QuoteAnnotatorTest" name="testBasicLatexQuotes" time="0.002"/>
  <testcase classname="edu.stanford.nlp.pipeline.QuoteAnnotatorTest" name="testUnicodeQuotesWithApostrophes" time="0.003"/>
  <testcase classname="edu.stanford.nlp.pipeline.QuoteAnnotatorTest" name="testTripleEmbeddedLatexQuotesNoEmbedded" time="0.002"/>
  <testcase classname="edu.stanford.nlp.pipeline.QuoteAnnotatorTest" name="testQuotesFollowEachother" time="0.004"/>
  <testcase classname="edu.stanford.nlp.pipeline.QuoteAnnotatorTest" name="testTripleEmbeddedUnicodeQuotes" time="0.012"/>
  <testcase classname="edu.stanford.nlp.pipeline.QuoteAnnotatorTest" name="testBasicAllowEmbeddedSameUnicode" time="0.004"/>
  <testcase classname="edu.stanford.nlp.pipeline.QuoteAnnotatorTest" name="testUnclosedInitialQuotes" time="0.009"/>
  <testcase classname="edu.stanford.nlp.pipeline.QuoteAnnotatorTest" name="testLatexQuotesWithDirectedApostrophes" time="0.011"/>
  <testcase classname="edu.stanford.nlp.pipeline.QuoteAnnotatorTest" name="testMaxLength" time="0.002"/>
  <testcase classname="edu.stanford.nlp.pipeline.QuoteAnnotatorTest" name="testWordsWithApostropheTerminalsInOneDoubleQuote" time="0.008"/>
  <testcase classname="edu.stanford.nlp.pipeline.QuoteAnnotatorTest" name="testEmbeddedLatexQuotesNoEmbedded" time="0.002"/>
  <testcase classname="edu.stanford.nlp.pipeline.QuoteAnnotatorTest" name="testEmbeddedLatexQuotes" time="0.002"/>
  <testcase classname="edu.stanford.nlp.pipeline.QuoteAnnotatorTest" name="testUnclosedLastDoubleQuotes" time="0.003"/>
  <testcase classname="edu.stanford.nlp.pipeline.QuoteAnnotatorTest" name="testBasicInternalPunc" time="0.003"/>
  <testcase classname="edu.stanford.nlp.pipeline.QuoteAnnotatorTest" name="testBasicIgnoreSingleQuotes" time="0.009"/>
  <testcase classname="edu.stanford.nlp.pipeline.QuoteAnnotatorTest" name="testEmbeddedSingleLatexQuotes" time="0.003"/>
  <testcase classname="edu.stanford.nlp.pipeline.QuoteAnnotatorTest" name="testEmbeddedLatexQuotesAllEndSamePlace" time="0.003"/>
  <testcase classname="edu.stanford.nlp.pipeline.QuoteAnnotatorTest" name="testBasicAsciiQuotes" time="0.012"/>
  <testcase classname="edu.stanford.nlp.pipeline.QuoteAnnotatorTest" name="testWordsWithApostropheTerminalsInDoubleQuotes" time="0.008"/>
  <testcase classname="edu.stanford.nlp.pipeline.QuoteAnnotatorTest" name="testDoubleEnclosedInSingle" time="0.002"/>
  <testcase classname="edu.stanford.nlp.pipeline.QuoteAnnotatorTest" name="testUnclosedLastSingleQuotes" time="0.002"/>
  <testcase classname="edu.stanford.nlp.pipeline.QuoteAnnotatorTest" name="testEmbeddedLatexQuotesAllEndSamePlaceNoEmbedded" time="0.004"/>
  <testcase classname="edu.stanford.nlp.pipeline.QuoteAnnotatorTest" name="testBasicUnicodeQuotes" time="0.001"/>
  <testcase classname="edu.stanford.nlp.pipeline.QuoteAnnotatorTest" name="testDashes" time="0.007"/>
  <testcase classname="edu.stanford.nlp.pipeline.QuoteAnnotatorTest" name="testEmbeddedQuotesTwo" time="0.007"/>
  <testcase classname="edu.stanford.nlp.pipeline.QuoteAnnotatorTest" name="testBasicDoubleQuotes" time="0.001"/>
  <testcase classname="edu.stanford.nlp.pipeline.QuoteAnnotatorTest" name="testSingleEnclosedInDouble" time="0.001"/>
  <testcase classname="edu.stanford.nlp.pipeline.QuoteAnnotatorTest" name="testWordBeginningWithApostropheAtQuoteBeginningSingleQuotes" time="0.002"/>
  <testcase classname="edu.stanford.nlp.pipeline.QuoteAnnotatorTest" name="testMultiParagraphQuoteDouble" time="0.004"/>
  <testcase classname="edu.stanford.nlp.pipeline.QuoteAnnotatorTest" name="testBasicEmbeddedSameUnicode" time="0.001"/>
  <testcase classname="edu.stanford.nlp.pipeline.QuoteAnnotatorTest" name="testMultiParagraphQuoteSingle" time="0.002"/>
</testsuite>